{"/Users/alyssagerardo/Desktop/CSC307GroupProject/packages/jest-unit-testing/Navbar.jsx": {"path":"/Users/alyssagerardo/Desktop/CSC307GroupProject/packages/jest-unit-testing/Navbar.jsx","statementMap":{"0":{"start":{"line":9,"column":19},"end":{"line":9,"column":32}},"1":{"start":{"line":10,"column":36},"end":{"line":10,"column":51}},"2":{"start":{"line":11,"column":2},"end":{"line":36,"column":4}},"3":{"start":{"line":19,"column":29},"end":{"line":19,"column":42}},"4":{"start":{"line":20,"column":29},"end":{"line":20,"column":50}},"5":{"start":{"line":21,"column":29},"end":{"line":21,"column":47}},"6":{"start":{"line":29,"column":27},"end":{"line":29,"column":45}},"7":{"start":{"line":34,"column":48},"end":{"line":34,"column":67}}},"fnMap":{"0":{"name":"Navbar","decl":{"start":{"line":8,"column":24},"end":{"line":8,"column":30}},"loc":{"start":{"line":8,"column":33},"end":{"line":37,"column":1}},"line":8},"1":{"name":"(anonymous_1)","decl":{"start":{"line":19,"column":23},"end":{"line":19,"column":24}},"loc":{"start":{"line":19,"column":29},"end":{"line":19,"column":42}},"line":19},"2":{"name":"(anonymous_2)","decl":{"start":{"line":20,"column":23},"end":{"line":20,"column":24}},"loc":{"start":{"line":20,"column":29},"end":{"line":20,"column":50}},"line":20},"3":{"name":"(anonymous_3)","decl":{"start":{"line":21,"column":23},"end":{"line":21,"column":24}},"loc":{"start":{"line":21,"column":29},"end":{"line":21,"column":47}},"line":21},"4":{"name":"(anonymous_4)","decl":{"start":{"line":29,"column":21},"end":{"line":29,"column":22}},"loc":{"start":{"line":29,"column":27},"end":{"line":29,"column":45}},"line":29},"5":{"name":"(anonymous_5)","decl":{"start":{"line":34,"column":42},"end":{"line":34,"column":43}},"loc":{"start":{"line":34,"column":48},"end":{"line":34,"column":67}},"line":34}},"branchMap":{"0":{"loc":{"start":{"line":34,"column":7},"end":{"line":34,"column":71}},"type":"binary-expr","locations":[{"start":{"line":34,"column":7},"end":{"line":34,"column":16}},{"start":{"line":34,"column":20},"end":{"line":34,"column":71}}],"line":34}},"s":{"0":7,"1":7,"2":7,"3":1,"4":1,"5":1,"6":2,"7":1},"f":{"0":7,"1":1,"2":1,"3":1,"4":2,"5":1},"b":{"0":[7,2]},"_coverageSchema":"1a1c01bbd47fc00a2c39e90264f33305004495a9","hash":"827b7c23dad9eb6c2f24c5c562624e20b9982534"}
}
